# JRE version: OpenJDK Runtime Environment (8.0_212) (build 1.8.0_212-release-1586-b4-5784211)
# Java VM: OpenJDK 64-Bit Server VM (25.212-b4-5784211 mixed mode linux-amd64 compressed oops)
Heap:
 PSYoungGen      total 369664K, used 15259K [0x00000000e0000000, 0x00000000f8100000, 0x0000000100000000)
  eden space 346624K, 0% used [0x00000000e0000000,0x00000000e0000000,0x00000000f5280000)
  from space 23040K, 66% used [0x00000000f5400000,0x00000000f62e6f10,0x00000000f6a80000)
  to   space 15360K, 0% used [0x00000000f7200000,0x00000000f7200000,0x00000000f8100000)
 ParOldGen       total 71680K, used 64852K [0x00000000a0000000, 0x00000000a4600000, 0x00000000e0000000)
  object space 71680K, 90% used [0x00000000a0000000,0x00000000a3f553c8,0x00000000a4600000)
 Metaspace       used 84218K, capacity 88852K, committed 89112K, reserved 1126400K
  class space    used 11224K, capacity 12250K, committed 12328K, reserved 1048576K
GC Heap History (10 events):
Event: 89.328 GC heap after
Heap after GC invocations=13 (full 2):
 PSYoungGen      total 195072K, used 13287K [0x00000000e0000000, 0x00000000f2380000, 0x0000000100000000)
  eden space 181760K, 0% used [0x00000000e0000000,0x00000000e0000000,0x00000000eb180000)
  from space 13312K, 99% used [0x00000000eb180000,0x00000000ebe79f58,0x00000000ebe80000)
  to   space 18432K, 0% used [0x00000000f1180000,0x00000000f1180000,0x00000000f2380000)
 ParOldGen       total 44544K, used 26550K [0x00000000a0000000, 0x00000000a2b80000, 0x00000000e0000000)
  object space 44544K, 59% used [0x00000000a0000000,0x00000000a19edb00,0x00000000a2b80000)
 Metaspace       used 50445K, capacity 52264K, committed 52392K, reserved 1093632K
  class space    used 6796K, capacity 7272K, committed 7336K, reserved 1048576K
}
Event: 99.223 GC heap before
{Heap before GC invocations=14 (full 2):
 PSYoungGen      total 195072K, used 122479K [0x00000000e0000000, 0x00000000f2380000, 0x0000000100000000)
  eden space 181760K, 60% used [0x00000000e0000000,0x00000000e6aa1e18,0x00000000eb180000)
  from space 13312K, 99% used [0x00000000eb180000,0x00000000ebe79f58,0x00000000ebe80000)
  to   space 18432K, 0% used [0x00000000f1180000,0x00000000f1180000,0x00000000f2380000)
 ParOldGen       total 44544K, used 26550K [0x00000000a0000000, 0x00000000a2b80000, 0x00000000e0000000)
  object space 44544K, 59% used [0x00000000a0000000,0x00000000a19edb00,0x00000000a2b80000)
 Metaspace       used 56869K, capacity 59128K, committed 59160K, reserved 1099776K
  class space    used 7890K, capacity 8459K, committed 8488K, reserved 1048576K
Event: 99.301 GC heap after
Heap after GC invocations=14 (full 2):
 PSYoungGen      total 270848K, used 10456K [0x00000000e0000000, 0x00000000f1f00000, 0x0000000100000000)
  eden space 257024K, 0% used [0x00000000e0000000,0x00000000e0000000,0x00000000efb00000)
  from space 13824K, 75% used [0x00000000f1180000,0x00000000f1bb61b0,0x00000000f1f00000)
  to   space 18432K, 0% used [0x00000000efb00000,0x00000000efb00000,0x00000000f0d00000)
 ParOldGen       total 44544K, used 37590K [0x00000000a0000000, 0x00000000a2b80000, 0x00000000e0000000)
  object space 44544K, 84% used [0x00000000a0000000,0x00000000a24b5bd8,0x00000000a2b80000)
 Metaspace       used 56869K, capacity 59128K, committed 59160K, reserved 1099776K
  class space    used 7890K, capacity 8459K, committed 8488K, reserved 1048576K
}
Event: 99.301 GC heap before
{Heap before GC invocations=15 (full 3):
 PSYoungGen      total 270848K, used 10456K [0x00000000e0000000, 0x00000000f1f00000, 0x0000000100000000)
  eden space 257024K, 0% used [0x00000000e0000000,0x00000000e0000000,0x00000000efb00000)
  from space 13824K, 75% used [0x00000000f1180000,0x00000000f1bb61b0,0x00000000f1f00000)
  to   space 18432K, 0% used [0x00000000efb00000,0x00000000efb00000,0x00000000f0d00000)
 ParOldGen       total 44544K, used 37590K [0x00000000a0000000, 0x00000000a2b80000, 0x00000000e0000000)
  object space 44544K, 84% used [0x00000000a0000000,0x00000000a24b5bd8,0x00000000a2b80000)
 Metaspace       used 56869K, capacity 59128K, committed 59160K, reserved 1099776K
  class space    used 7890K, capacity 8459K, committed 8488K, reserved 1048576K
Event: 99.751 GC heap after
Heap after GC invocations=15 (full 3):
 PSYoungGen      total 270848K, used 0K [0x00000000e0000000, 0x00000000f1f00000, 0x0000000100000000)
  eden space 257024K, 0% used [0x00000000e0000000,0x00000000e0000000,0x00000000efb00000)
  from space 13824K, 0% used [0x00000000f1180000,0x00000000f1180000,0x00000000f1f00000)
  to   space 18432K, 0% used [0x00000000efb00000,0x00000000efb00000,0x00000000f0d00000)
 ParOldGen       total 71680K, used 36517K [0x00000000a0000000, 0x00000000a4600000, 0x00000000e0000000)
  object space 71680K, 50% used [0x00000000a0000000,0x00000000a23a9468,0x00000000a4600000)
 Metaspace       used 56869K, capacity 59128K, committed 59160K, reserved 1099776K
  class space    used 7890K, capacity 8459K, committed 8488K, reserved 1048576K
}
Event: 310.504 GC heap before
{Heap before GC invocations=16 (full 3):
 PSYoungGen      total 270848K, used 257024K [0x00000000e0000000, 0x00000000f1f00000, 0x0000000100000000)
  eden space 257024K, 100% used [0x00000000e0000000,0x00000000efb00000,0x00000000efb00000)
  from space 13824K, 0% used [0x00000000f1180000,0x00000000f1180000,0x00000000f1f00000)
  to   space 18432K, 0% used [0x00000000efb00000,0x00000000efb00000,0x00000000f0d00000)
 ParOldGen       total 71680K, used 36517K [0x00000000a0000000, 0x00000000a4600000, 0x00000000e0000000)
  object space 71680K, 50% used [0x00000000a0000000,0x00000000a23a9468,0x00000000a4600000)
 Metaspace       used 69511K, capacity 72664K, committed 72984K, reserved 1112064K
  class space    used 9406K, capacity 10158K, committed 10280K, reserved 1048576K
Event: 311.303 GC heap after
Heap after GC invocations=16 (full 3):
 PSYoungGen      total 275456K, used 18401K [0x00000000e0000000, 0x00000000f8780000, 0x0000000100000000)
  eden space 257024K, 0% used [0x00000000e0000000,0x00000000e0000000,0x00000000efb00000)
  from space 18432K, 99% used [0x00000000efb00000,0x00000000f0cf8620,0x00000000f0d00000)
  to   space 22016K, 0% used [0x00000000f7200000,0x00000000f7200000,0x00000000f8780000)
 ParOldGen       total 71680K, used 39409K [0x00000000a0000000, 0x00000000a4600000, 0x00000000e0000000)
  object space 71680K, 54% used [0x00000000a0000000,0x00000000a267c4e8,0x00000000a4600000)
 Metaspace       used 69511K, capacity 72664K, committed 72984K, reserved 1112064K
  class space    used 9406K, capacity 10158K, committed 10280K, reserved 1048576K
}
Event: 1178.661 GC heap before
{Heap before GC invocations=17 (full 3):
 PSYoungGen      total 275456K, used 275425K [0x00000000e0000000, 0x00000000f8780000, 0x0000000100000000)
  eden space 257024K, 100% used [0x00000000e0000000,0x00000000efb00000,0x00000000efb00000)
  from space 18432K, 99% used [0x00000000efb00000,0x00000000f0cf8620,0x00000000f0d00000)
  to   space 22016K, 0% used [0x00000000f7200000,0x00000000f7200000,0x00000000f8780000)
 ParOldGen       total 71680K, used 39409K [0x00000000a0000000, 0x00000000a4600000, 0x00000000e0000000)
  object space 71680K, 54% used [0x00000000a0000000,0x00000000a267c4e8,0x00000000a4600000)
 Metaspace       used 73604K, capacity 77686K, committed 77976K, reserved 1116160K
  class space    used 9823K, capacity 10797K, committed 10920K, reserved 1048576K
Event: 1178.967 GC heap after
Heap after GC invocations=17 (full 3):
 PSYoungGen      total 361984K, used 15118K [0x00000000e0000000, 0x00000000f8100000, 0x0000000100000000)
  eden space 346624K, 0% used [0x00000000e0000000,0x00000000e0000000,0x00000000f5280000)
  from space 15360K, 98% used [0x00000000f7200000,0x00000000f80c3bf0,0x00000000f8100000)
  to   space 23040K, 0% used [0x00000000f5400000,0x00000000f5400000,0x00000000f6a80000)
 ParOldGen       total 71680K, used 53022K [0x00000000a0000000, 0x00000000a4600000, 0x00000000e0000000)
  object space 71680K, 73% used [0x00000000a0000000,0x00000000a33c78c0,0x00000000a4600000)
 Metaspace       used 73604K, capacity 77686K, committed 77976K, reserved 1116160K
  class space    used 9823K, capacity 10797K, committed 10920K, reserved 1048576K
}
Event: 1198.620 GC heap before
{Heap before GC invocations=18 (full 3):
 PSYoungGen      total 361984K, used 361742K [0x00000000e0000000, 0x00000000f8100000, 0x0000000100000000)
  eden space 346624K, 100% used [0x00000000e0000000,0x00000000f5280000,0x00000000f5280000)
  from space 15360K, 98% used [0x00000000f7200000,0x00000000f80c3bf0,0x00000000f8100000)
  to   space 23040K, 0% used [0x00000000f5400000,0x00000000f5400000,0x00000000f6a80000)
 ParOldGen       total 71680K, used 53022K [0x00000000a0000000, 0x00000000a4600000, 0x00000000e0000000)
  object space 71680K, 73% used [0x00000000a0000000,0x00000000a33c78c0,0x00000000a4600000)
 Metaspace       used 84218K, capacity 88852K, committed 89112K, reserved 1126400K
  class space    used 11224K, capacity 12250K, committed 12328K, reserved 1048576K

